=========================================================
INICIO GENERACION REPORTE GOOGLE LOG
=========================================================
=========================================================
Se ejecuta la query que arma el reporte en la base:
SACAR@BALANCEO
=========================================================

ANIO  ESTADO	      ENERO    FEBRERO	    MARZO      ABRIL	   MAYO      JUNIO	JULIO	  AGOSTO SEPTIEMBRE    OCTUBRE	NOVIEMBRE  DICIEMBRE	  TOTAL
----- ---------- ---------- ---------- ---------- ---------- ---------- ---------- ---------- ---------- ---------- ---------- ---------- ---------- ----------
2004  ACTIVO																7	   6	     13
2004  NO ACTIVO 												  1	    12		8	   7	     28
2005  ACTIVO		  1	    20		6	   6	     15 	18	    5	      20	 21	    16	       42	  16	    186
2005  NO ACTIVO 	 10	     3		9	  27	     11 	15	   11	      19	 45	   108	       72	  55	    385
2006  ACTIVO		 58	    45	       69	  30	     45 	51	  265	      61	 93	    98	       81	  57	    953
2006  NO ACTIVO 	 69	    68	      132	  54	     77 	84	  132	     133	115	   136	       74	  72	   1146
2007  ACTIVO		 97	   103	      128	 139	    197        153	  248	     208	145	   108	      133	 155	   1814
2007  NO ACTIVO 	172	   105	      136	 195	    172        200	  215	     252	274	   429	      403	 322	   2875
2008  ACTIVO		166	   301	      300	1071	    719       1064	  942	    1239       1389	  6533	     4521	2886	  21131
2008  NO ACTIVO 	536	  1165	     1584	2244	   4050       3362	 2914	    2863       4034	  7228	    11824	5855	  47659
2009  ACTIVO	       2307	  2146	     1904	2361	   2660       4648	 2853	    2259       2550	  2334	     1921	2200	  30143
2009  NO ACTIVO        5620	  3991	     7903	4468	   9015      13602	 8570	    7951      14749	  6295	     8519	7817	  98500
2010  ACTIVO	       2374	  1927	     1635	3125	   4342       2224	 2001	    2607       1812	  1496	     1743	1663	  26949
2010  NO ACTIVO        5349	  7490	     5766	6921	  14151      16665	13043	    8692      12248	 11636	     8516	7554	 118031
2011  ACTIVO	       4687	  2566	     7755	8292	   9722      12381	10448	   46265      55535	 49187	    14283      27712	 248833
2011  NO ACTIVO       22194	 36502	    42622      83644	  64901      35264	21539	   92389      31631	 25485	    20172      12820	 489163
2012  ACTIVO	      16700																  16700
2012  NO ACTIVO        3355																   3355
      ACTIVO	      26390	  7108	    11797      15024	  17700      20539	16762	   52659      61545	 59772	    22731      34695	 346722
      NO ACTIVO       37305	 49324	    58152      97553	  92377      69192	46424	  112299      63097	 51329	    49588      34502	 761142
=========================================================
Se obtuvo el informe y se envio a:
ptamburro@prima.com.ar,adagnino@prima.com.ar,fraffetto@cmd.com.ar,jacri@cmd.com.ar
FIN.
=========================================================
